<?xml version="1.0" encoding="UTF-8"?>
<testsuite name="Cucumber" time="1.307" tests="5" skipped="0" failures="5" errors="0">
<testcase classname="Login Funtionality check." name="Remember Me validation" time="0.943">
<failure type="org.openqa.selenium.remote.NoSuchDriverException" message="geckodriver located at /usr/bin/geckodriver, but invalid
For documentation on this error, please visit: https://www.selenium.dev/documentation/webdriver/troubleshooting/errors/driver_location/
Build info: version: '4.11.0', revision: '040bc5406b'
System info: os.name: 'Windows 11', os.arch: 'amd64', os.version: '10.0', java.version: '21.0.6'
Driver info: driver.version: FirefoxDriver">
<![CDATA[org.openqa.selenium.remote.NoSuchDriverException: geckodriver located at /usr/bin/geckodriver, but invalid
For documentation on this error, please visit: https://www.selenium.dev/documentation/webdriver/troubleshooting/errors/driver_location/
Build info: version: '4.11.0', revision: '040bc5406b'
System info: os.name: 'Windows 11', os.arch: 'amd64', os.version: '10.0', java.version: '21.0.6'
Driver info: driver.version: FirefoxDriver
	at org.openqa.selenium.remote.service.DriverFinder.getPath(DriverFinder.java:45)
	at org.openqa.selenium.remote.service.DriverFinder.getPath(DriverFinder.java:13)
	at org.openqa.selenium.firefox.FirefoxDriver.generateExecutor(FirefoxDriver.java:141)
	at org.openqa.selenium.firefox.FirefoxDriver.<init>(FirefoxDriver.java:132)
	at org.openqa.selenium.firefox.FirefoxDriver.<init>(FirefoxDriver.java:127)
	at org.openqa.selenium.firefox.FirefoxDriver.<init>(FirefoxDriver.java:112)
	at org.openqa.selenium.firefox.FirefoxDriver.<init>(FirefoxDriver.java:102)
	at org.agile.qa.setup.DriverSetup.getDriver(DriverSetup.java:13)
	at org.agile.qa.stepDefinitions.LoginTest.navigate_to_the_application_login_url(LoginTest.java:42)
	at ✽.navigate to the application login URL(file:///E:/flightBooking/FlightBooking-G1/src/test/java/org/agile/qa/features/login.feature:5)
]]>
</failure>
<system-out><![CDATA[
Given navigate to the application login URL.................................failed
Then I enter empty data into form fields....................................skipped
Then I leave the captcha field blank........................................skipped
Then I click on Remember Me checkbox........................................skipped
Then I "accept" the popup window............................................skipped
And Finally Remember me error expected......................................skipped
]]></system-out>
</testcase>
<testcase classname="Login Funtionality check." name="Captcha Validation" time="0.007">
<failure type="org.openqa.selenium.remote.NoSuchDriverException" message="geckodriver located at /usr/bin/geckodriver, but invalid
For documentation on this error, please visit: https://www.selenium.dev/documentation/webdriver/troubleshooting/errors/driver_location/
Build info: version: '4.11.0', revision: '040bc5406b'
System info: os.name: 'Windows 11', os.arch: 'amd64', os.version: '10.0', java.version: '21.0.6'
Driver info: driver.version: FirefoxDriver">
<![CDATA[org.openqa.selenium.remote.NoSuchDriverException: geckodriver located at /usr/bin/geckodriver, but invalid
For documentation on this error, please visit: https://www.selenium.dev/documentation/webdriver/troubleshooting/errors/driver_location/
Build info: version: '4.11.0', revision: '040bc5406b'
System info: os.name: 'Windows 11', os.arch: 'amd64', os.version: '10.0', java.version: '21.0.6'
Driver info: driver.version: FirefoxDriver
	at org.openqa.selenium.remote.service.DriverFinder.getPath(DriverFinder.java:45)
	at org.openqa.selenium.remote.service.DriverFinder.getPath(DriverFinder.java:13)
	at org.openqa.selenium.firefox.FirefoxDriver.generateExecutor(FirefoxDriver.java:141)
	at org.openqa.selenium.firefox.FirefoxDriver.<init>(FirefoxDriver.java:132)
	at org.openqa.selenium.firefox.FirefoxDriver.<init>(FirefoxDriver.java:127)
	at org.openqa.selenium.firefox.FirefoxDriver.<init>(FirefoxDriver.java:112)
	at org.openqa.selenium.firefox.FirefoxDriver.<init>(FirefoxDriver.java:102)
	at org.agile.qa.setup.DriverSetup.getDriver(DriverSetup.java:13)
	at org.agile.qa.stepDefinitions.LoginTest.navigate_to_the_application_login_url(LoginTest.java:42)
	at ✽.navigate to the application login URL(file:///E:/flightBooking/FlightBooking-G1/src/test/java/org/agile/qa/features/login.feature:5)
]]>
</failure>
<system-out><![CDATA[
Given navigate to the application login URL.................................failed
Then I enter valid data into form fields....................................skipped
Then I try copying the captcha field........................................skipped
And the captcha field should not get copyied................................skipped
]]></system-out>
</testcase>
<testcase classname="Login Funtionality check." name="Password Reset" time="0.007">
<failure type="org.openqa.selenium.remote.NoSuchDriverException" message="geckodriver located at /usr/bin/geckodriver, but invalid
For documentation on this error, please visit: https://www.selenium.dev/documentation/webdriver/troubleshooting/errors/driver_location/
Build info: version: '4.11.0', revision: '040bc5406b'
System info: os.name: 'Windows 11', os.arch: 'amd64', os.version: '10.0', java.version: '21.0.6'
Driver info: driver.version: FirefoxDriver">
<![CDATA[org.openqa.selenium.remote.NoSuchDriverException: geckodriver located at /usr/bin/geckodriver, but invalid
For documentation on this error, please visit: https://www.selenium.dev/documentation/webdriver/troubleshooting/errors/driver_location/
Build info: version: '4.11.0', revision: '040bc5406b'
System info: os.name: 'Windows 11', os.arch: 'amd64', os.version: '10.0', java.version: '21.0.6'
Driver info: driver.version: FirefoxDriver
	at org.openqa.selenium.remote.service.DriverFinder.getPath(DriverFinder.java:45)
	at org.openqa.selenium.remote.service.DriverFinder.getPath(DriverFinder.java:13)
	at org.openqa.selenium.firefox.FirefoxDriver.generateExecutor(FirefoxDriver.java:141)
	at org.openqa.selenium.firefox.FirefoxDriver.<init>(FirefoxDriver.java:132)
	at org.openqa.selenium.firefox.FirefoxDriver.<init>(FirefoxDriver.java:127)
	at org.openqa.selenium.firefox.FirefoxDriver.<init>(FirefoxDriver.java:112)
	at org.openqa.selenium.firefox.FirefoxDriver.<init>(FirefoxDriver.java:102)
	at org.agile.qa.setup.DriverSetup.getDriver(DriverSetup.java:13)
	at org.agile.qa.stepDefinitions.LoginTest.navigate_to_the_application_login_url(LoginTest.java:42)
	at ✽.navigate to the application login URL(file:///E:/flightBooking/FlightBooking-G1/src/test/java/org/agile/qa/features/login.feature:5)
]]>
</failure>
<system-out><![CDATA[
Given navigate to the application login URL.................................failed
Then I click on the password reset form.....................................skipped
And I get to see the password reset form....................................skipped
Then enter the email id.....................................................skipped
Then enter the 'OTP' received for that mail.................................skipped
And finally set new password and submit.....................................skipped
]]></system-out>
</testcase>
<testcase classname="Login Funtionality check." name="Unauthenticated users should not access the booking page." time="0.007">
<failure type="org.openqa.selenium.remote.NoSuchDriverException" message="geckodriver located at /usr/bin/geckodriver, but invalid
For documentation on this error, please visit: https://www.selenium.dev/documentation/webdriver/troubleshooting/errors/driver_location/
Build info: version: '4.11.0', revision: '040bc5406b'
System info: os.name: 'Windows 11', os.arch: 'amd64', os.version: '10.0', java.version: '21.0.6'
Driver info: driver.version: FirefoxDriver">
<![CDATA[org.openqa.selenium.remote.NoSuchDriverException: geckodriver located at /usr/bin/geckodriver, but invalid
For documentation on this error, please visit: https://www.selenium.dev/documentation/webdriver/troubleshooting/errors/driver_location/
Build info: version: '4.11.0', revision: '040bc5406b'
System info: os.name: 'Windows 11', os.arch: 'amd64', os.version: '10.0', java.version: '21.0.6'
Driver info: driver.version: FirefoxDriver
	at org.openqa.selenium.remote.service.DriverFinder.getPath(DriverFinder.java:45)
	at org.openqa.selenium.remote.service.DriverFinder.getPath(DriverFinder.java:13)
	at org.openqa.selenium.firefox.FirefoxDriver.generateExecutor(FirefoxDriver.java:141)
	at org.openqa.selenium.firefox.FirefoxDriver.<init>(FirefoxDriver.java:132)
	at org.openqa.selenium.firefox.FirefoxDriver.<init>(FirefoxDriver.java:127)
	at org.openqa.selenium.firefox.FirefoxDriver.<init>(FirefoxDriver.java:112)
	at org.openqa.selenium.firefox.FirefoxDriver.<init>(FirefoxDriver.java:102)
	at org.agile.qa.setup.DriverSetup.getDriver(DriverSetup.java:13)
	at org.agile.qa.stepDefinitions.LoginTest.navigate_to_the_application_login_url(LoginTest.java:42)
	at ✽.navigate to the application login URL(file:///E:/flightBooking/FlightBooking-G1/src/test/java/org/agile/qa/features/login.feature:5)
]]>
</failure>
<system-out><![CDATA[
Given navigate to the application login URL.................................failed
When directly access the booking page URL...................................skipped
Then the user should be redirected to the login page........................skipped
And the booking page should not be accessible...............................skipped
]]></system-out>
</testcase>
<testcase classname="Login Funtionality check." name="Login with invalid password" time="0.008">
<failure type="org.openqa.selenium.remote.NoSuchDriverException" message="geckodriver located at /usr/bin/geckodriver, but invalid
For documentation on this error, please visit: https://www.selenium.dev/documentation/webdriver/troubleshooting/errors/driver_location/
Build info: version: '4.11.0', revision: '040bc5406b'
System info: os.name: 'Windows 11', os.arch: 'amd64', os.version: '10.0', java.version: '21.0.6'
Driver info: driver.version: FirefoxDriver">
<![CDATA[org.openqa.selenium.remote.NoSuchDriverException: geckodriver located at /usr/bin/geckodriver, but invalid
For documentation on this error, please visit: https://www.selenium.dev/documentation/webdriver/troubleshooting/errors/driver_location/
Build info: version: '4.11.0', revision: '040bc5406b'
System info: os.name: 'Windows 11', os.arch: 'amd64', os.version: '10.0', java.version: '21.0.6'
Driver info: driver.version: FirefoxDriver
	at org.openqa.selenium.remote.service.DriverFinder.getPath(DriverFinder.java:45)
	at org.openqa.selenium.remote.service.DriverFinder.getPath(DriverFinder.java:13)
	at org.openqa.selenium.firefox.FirefoxDriver.generateExecutor(FirefoxDriver.java:141)
	at org.openqa.selenium.firefox.FirefoxDriver.<init>(FirefoxDriver.java:132)
	at org.openqa.selenium.firefox.FirefoxDriver.<init>(FirefoxDriver.java:127)
	at org.openqa.selenium.firefox.FirefoxDriver.<init>(FirefoxDriver.java:112)
	at org.openqa.selenium.firefox.FirefoxDriver.<init>(FirefoxDriver.java:102)
	at org.agile.qa.setup.DriverSetup.getDriver(DriverSetup.java:13)
	at org.agile.qa.stepDefinitions.LoginTest.navigate_to_the_application_login_url(LoginTest.java:42)
	at ✽.navigate to the application login URL(file:///E:/flightBooking/FlightBooking-G1/src/test/java/org/agile/qa/features/login.feature:5)
]]>
</failure>
<system-out><![CDATA[
Given navigate to the application login URL.................................failed
Then I enter valid username "flightadmin" and invalid password "wrongpass"..skipped
Then I click on the Login button............................................skipped
And I should see an error message saying "Please enter valid password"......skipped
]]></system-out>
</testcase>
</testsuite>
